[debug] [2023-02-08T02:52:24.385Z] ----------------------------------------------------------------------
[debug] [2023-02-08T02:52:24.387Z] Command:       /usr/local/bin/node /usr/local/bin/firebase deploy
[debug] [2023-02-08T02:52:24.388Z] CLI Version:   11.22.0
[debug] [2023-02-08T02:52:24.388Z] Platform:      darwin
[debug] [2023-02-08T02:52:24.388Z] Node Version:  v18.14.0
[debug] [2023-02-08T02:52:24.390Z] Time:          Tue Feb 07 2023 21:52:24 GMT-0500 (Eastern Standard Time)
[debug] [2023-02-08T02:52:24.390Z] ----------------------------------------------------------------------
[debug] 
[debug] [2023-02-08T02:52:24.462Z] > command requires scopes: ["email","openid","https://www.googleapis.com/auth/cloudplatformprojects.readonly","https://www.googleapis.com/auth/firebase","https://www.googleapis.com/auth/cloud-platform"]
[debug] [2023-02-08T02:52:24.462Z] > authorizing via signed-in user (marco.moretto91@gmail.com)
[debug] [2023-02-08T02:52:24.462Z] [iam] checking project told-ya for permissions ["cloudfunctions.functions.create","cloudfunctions.functions.delete","cloudfunctions.functions.get","cloudfunctions.functions.list","cloudfunctions.functions.update","cloudfunctions.operations.get","datastore.indexes.create","datastore.indexes.delete","datastore.indexes.list","datastore.indexes.update","firebase.projects.get","firebasehosting.sites.update"]
[debug] [2023-02-08T02:52:24.464Z] > refreshing access token with scopes: []
[debug] [2023-02-08T02:52:24.466Z] >>> [apiv2][query] POST https://www.googleapis.com/oauth2/v3/token [none]
[debug] [2023-02-08T02:52:24.466Z] >>> [apiv2][body] POST https://www.googleapis.com/oauth2/v3/token [omitted]
[debug] [2023-02-08T02:52:24.718Z] <<< [apiv2][status] POST https://www.googleapis.com/oauth2/v3/token 200
[debug] [2023-02-08T02:52:24.718Z] <<< [apiv2][body] POST https://www.googleapis.com/oauth2/v3/token [omitted]
[debug] [2023-02-08T02:52:24.753Z] >>> [apiv2][query] POST https://cloudresourcemanager.googleapis.com/v1/projects/told-ya:testIamPermissions [none]
[debug] [2023-02-08T02:52:24.753Z] >>> [apiv2][(partial)header] POST https://cloudresourcemanager.googleapis.com/v1/projects/told-ya:testIamPermissions x-goog-quota-user=projects/told-ya
[debug] [2023-02-08T02:52:24.753Z] >>> [apiv2][body] POST https://cloudresourcemanager.googleapis.com/v1/projects/told-ya:testIamPermissions {"permissions":["cloudfunctions.functions.create","cloudfunctions.functions.delete","cloudfunctions.functions.get","cloudfunctions.functions.list","cloudfunctions.functions.update","cloudfunctions.operations.get","datastore.indexes.create","datastore.indexes.delete","datastore.indexes.list","datastore.indexes.update","firebase.projects.get","firebasehosting.sites.update"]}
[debug] [2023-02-08T02:52:24.954Z] <<< [apiv2][status] POST https://cloudresourcemanager.googleapis.com/v1/projects/told-ya:testIamPermissions 200
[debug] [2023-02-08T02:52:24.954Z] <<< [apiv2][body] POST https://cloudresourcemanager.googleapis.com/v1/projects/told-ya:testIamPermissions {"permissions":["cloudfunctions.functions.create","cloudfunctions.functions.delete","cloudfunctions.functions.get","cloudfunctions.functions.list","cloudfunctions.functions.update","cloudfunctions.operations.get","datastore.indexes.create","datastore.indexes.delete","datastore.indexes.list","datastore.indexes.update","firebase.projects.get","firebasehosting.sites.update"]}
[debug] [2023-02-08T02:52:24.955Z] >>> [apiv2][query] POST https://iam.googleapis.com/v1/projects/told-ya/serviceAccounts/told-ya@appspot.gserviceaccount.com:testIamPermissions [none]
[debug] [2023-02-08T02:52:24.955Z] >>> [apiv2][body] POST https://iam.googleapis.com/v1/projects/told-ya/serviceAccounts/told-ya@appspot.gserviceaccount.com:testIamPermissions {"permissions":["iam.serviceAccounts.actAs"]}
[debug] [2023-02-08T02:52:25.103Z] <<< [apiv2][status] POST https://iam.googleapis.com/v1/projects/told-ya/serviceAccounts/told-ya@appspot.gserviceaccount.com:testIamPermissions 200
[debug] [2023-02-08T02:52:25.103Z] <<< [apiv2][body] POST https://iam.googleapis.com/v1/projects/told-ya/serviceAccounts/told-ya@appspot.gserviceaccount.com:testIamPermissions {"permissions":["iam.serviceAccounts.actAs"]}
[debug] [2023-02-08T02:52:25.104Z] >>> [apiv2][query] GET https://firebase.googleapis.com/v1beta1/projects/told-ya [none]
[debug] [2023-02-08T02:52:25.456Z] <<< [apiv2][status] GET https://firebase.googleapis.com/v1beta1/projects/told-ya 200
[debug] [2023-02-08T02:52:25.456Z] <<< [apiv2][body] GET https://firebase.googleapis.com/v1beta1/projects/told-ya {"projectId":"told-ya","projectNumber":"310995919723","displayName":"told-ya","name":"projects/told-ya","resources":{"hostingSite":"told-ya","realtimeDatabaseInstance":"told-ya","storageBucket":"told-ya.appspot.com","locationId":"us-central"},"state":"ACTIVE","etag":"1_87a17a2a-4937-4b77-9da8-c6b4677c1d34"}
[info] 
[info] === Deploying to 'told-ya'...
[info] 
[info] i  deploying firestore, functions, hosting 
[info] Running command: npm --prefix functions run lint
[info] Running command: npm --prefix functions run build
[info] ✔  functions: Finished running predeploy script. 
[info] i  firestore: reading indexes from firestore.indexes.json... 
[info] i  cloud.firestore: checking firestore.rules for compilation errors... 
[debug] [2023-02-08T02:52:31.261Z] >>> [apiv2][query] POST https://firebaserules.googleapis.com/v1/projects/told-ya:test [none]
[debug] [2023-02-08T02:52:31.261Z] >>> [apiv2][body] POST https://firebaserules.googleapis.com/v1/projects/told-ya:test [omitted]
[debug] [2023-02-08T02:52:31.512Z] <<< [apiv2][status] POST https://firebaserules.googleapis.com/v1/projects/told-ya:test 200
[debug] [2023-02-08T02:52:31.512Z] <<< [apiv2][body] POST https://firebaserules.googleapis.com/v1/projects/told-ya:test {}
[info] ✔  cloud.firestore: rules file firestore.rules compiled successfully 
[debug] [2023-02-08T02:52:31.514Z] >>> [apiv2][query] GET https://firebase.googleapis.com/v1beta1/projects/told-ya [none]
[debug] [2023-02-08T02:52:31.822Z] <<< [apiv2][status] GET https://firebase.googleapis.com/v1beta1/projects/told-ya 200
[debug] [2023-02-08T02:52:31.822Z] <<< [apiv2][body] GET https://firebase.googleapis.com/v1beta1/projects/told-ya {"projectId":"told-ya","projectNumber":"310995919723","displayName":"told-ya","name":"projects/told-ya","resources":{"hostingSite":"told-ya","realtimeDatabaseInstance":"told-ya","storageBucket":"told-ya.appspot.com","locationId":"us-central"},"state":"ACTIVE","etag":"1_87a17a2a-4937-4b77-9da8-c6b4677c1d34"}
[info] i  functions: preparing codebase default for deployment 
[info] i  functions: ensuring required API cloudfunctions.googleapis.com is enabled... 
[info] i  functions: ensuring required API cloudbuild.googleapis.com is enabled... 
[info] i  artifactregistry: ensuring required API artifactregistry.googleapis.com is enabled... 
[debug] [2023-02-08T02:52:31.825Z] >>> [apiv2][query] GET https://serviceusage.googleapis.com/v1/projects/told-ya/services/cloudfunctions.googleapis.com [none]
[debug] [2023-02-08T02:52:31.825Z] >>> [apiv2][(partial)header] GET https://serviceusage.googleapis.com/v1/projects/told-ya/services/cloudfunctions.googleapis.com x-goog-quota-user=projects/told-ya
[debug] [2023-02-08T02:52:31.826Z] >>> [apiv2][query] GET https://serviceusage.googleapis.com/v1/projects/told-ya/services/runtimeconfig.googleapis.com [none]
[debug] [2023-02-08T02:52:31.826Z] >>> [apiv2][(partial)header] GET https://serviceusage.googleapis.com/v1/projects/told-ya/services/runtimeconfig.googleapis.com x-goog-quota-user=projects/told-ya
[debug] [2023-02-08T02:52:31.828Z] >>> [apiv2][query] GET https://serviceusage.googleapis.com/v1/projects/told-ya/services/cloudbuild.googleapis.com [none]
[debug] [2023-02-08T02:52:31.828Z] >>> [apiv2][(partial)header] GET https://serviceusage.googleapis.com/v1/projects/told-ya/services/cloudbuild.googleapis.com x-goog-quota-user=projects/told-ya
[debug] [2023-02-08T02:52:31.829Z] >>> [apiv2][query] GET https://serviceusage.googleapis.com/v1/projects/told-ya/services/artifactregistry.googleapis.com [none]
[debug] [2023-02-08T02:52:31.829Z] >>> [apiv2][(partial)header] GET https://serviceusage.googleapis.com/v1/projects/told-ya/services/artifactregistry.googleapis.com x-goog-quota-user=projects/told-ya
[debug] [2023-02-08T02:52:32.291Z] <<< [apiv2][status] GET https://serviceusage.googleapis.com/v1/projects/told-ya/services/runtimeconfig.googleapis.com 200
[debug] [2023-02-08T02:52:32.291Z] <<< [apiv2][body] GET https://serviceusage.googleapis.com/v1/projects/told-ya/services/runtimeconfig.googleapis.com [omitted]
[debug] [2023-02-08T02:52:32.294Z] <<< [apiv2][status] GET https://serviceusage.googleapis.com/v1/projects/told-ya/services/cloudfunctions.googleapis.com 200
[debug] [2023-02-08T02:52:32.294Z] <<< [apiv2][body] GET https://serviceusage.googleapis.com/v1/projects/told-ya/services/cloudfunctions.googleapis.com [omitted]
[info] ✔  functions: required API cloudfunctions.googleapis.com is enabled 
[debug] [2023-02-08T02:52:32.300Z] <<< [apiv2][status] GET https://serviceusage.googleapis.com/v1/projects/told-ya/services/artifactregistry.googleapis.com 200
[debug] [2023-02-08T02:52:32.300Z] <<< [apiv2][body] GET https://serviceusage.googleapis.com/v1/projects/told-ya/services/artifactregistry.googleapis.com [omitted]
[info] ✔  artifactregistry: required API artifactregistry.googleapis.com is enabled 
[debug] [2023-02-08T02:52:32.324Z] <<< [apiv2][status] GET https://serviceusage.googleapis.com/v1/projects/told-ya/services/cloudbuild.googleapis.com 200
[debug] [2023-02-08T02:52:32.324Z] <<< [apiv2][body] GET https://serviceusage.googleapis.com/v1/projects/told-ya/services/cloudbuild.googleapis.com [omitted]
[info] ✔  functions: required API cloudbuild.googleapis.com is enabled 
[debug] [2023-02-08T02:52:32.325Z] >>> [apiv2][query] GET https://firebase.googleapis.com/v1beta1/projects/told-ya/adminSdkConfig [none]
[debug] [2023-02-08T02:52:32.719Z] <<< [apiv2][status] GET https://firebase.googleapis.com/v1beta1/projects/told-ya/adminSdkConfig 200
[debug] [2023-02-08T02:52:32.720Z] <<< [apiv2][body] GET https://firebase.googleapis.com/v1beta1/projects/told-ya/adminSdkConfig {"projectId":"told-ya","databaseURL":"https://told-ya.firebaseio.com","storageBucket":"told-ya.appspot.com","locationId":"us-central"}
[debug] [2023-02-08T02:52:32.721Z] >>> [apiv2][query] GET https://runtimeconfig.googleapis.com/v1beta1/projects/told-ya/configs [none]
[debug] [2023-02-08T02:52:32.911Z] <<< [apiv2][status] GET https://runtimeconfig.googleapis.com/v1beta1/projects/told-ya/configs 200
[debug] [2023-02-08T02:52:32.911Z] <<< [apiv2][body] GET https://runtimeconfig.googleapis.com/v1beta1/projects/told-ya/configs {"configs":[{"name":"projects/told-ya/configs/twilio"},{"name":"projects/told-ya/configs/config"}]}
[debug] [2023-02-08T02:52:32.912Z] >>> [apiv2][query] GET https://runtimeconfig.googleapis.com/v1beta1/projects/told-ya/configs/twilio/variables [none]
[debug] [2023-02-08T02:52:32.914Z] >>> [apiv2][query] GET https://runtimeconfig.googleapis.com/v1beta1/projects/told-ya/configs/config/variables [none]
[debug] [2023-02-08T02:52:33.119Z] <<< [apiv2][status] GET https://runtimeconfig.googleapis.com/v1beta1/projects/told-ya/configs/config/variables 200
[debug] [2023-02-08T02:52:33.119Z] <<< [apiv2][body] GET https://runtimeconfig.googleapis.com/v1beta1/projects/told-ya/configs/config/variables {"variables":[{"name":"projects/told-ya/configs/config/variables/token","updateTime":"2023-02-07T17:46:57.627726312Z"},{"name":"projects/told-ya/configs/config/variables/twilio/sid","updateTime":"2023-02-07T19:34:35.872884295Z"},{"name":"projects/told-ya/configs/config/variables/twilio/token","updateTime":"2023-02-07T19:34:35.812742743Z"},{"name":"projects/told-ya/configs/config/variables/key","updateTime":"2023-02-07T15:10:29.520790435Z"},{"name":"projects/told-ya/configs/config/variables/pass","updateTime":"2023-02-07T15:10:29.240204021Z"},{"name":"projects/told-ya/configs/config/variables/sid","updateTime":"2023-02-07T17:46:57.153071463Z"}]}
[debug] [2023-02-08T02:52:33.120Z] >>> [apiv2][query] GET https://runtimeconfig.googleapis.com/v1beta1/projects/told-ya/configs/config/variables/token [none]
[debug] [2023-02-08T02:52:33.122Z] >>> [apiv2][query] GET https://runtimeconfig.googleapis.com/v1beta1/projects/told-ya/configs/config/variables/twilio/sid [none]
[debug] [2023-02-08T02:52:33.124Z] >>> [apiv2][query] GET https://runtimeconfig.googleapis.com/v1beta1/projects/told-ya/configs/config/variables/twilio/token [none]
[debug] [2023-02-08T02:52:33.126Z] >>> [apiv2][query] GET https://runtimeconfig.googleapis.com/v1beta1/projects/told-ya/configs/config/variables/key [none]
[debug] [2023-02-08T02:52:33.128Z] >>> [apiv2][query] GET https://runtimeconfig.googleapis.com/v1beta1/projects/told-ya/configs/config/variables/pass [none]
[debug] [2023-02-08T02:52:33.131Z] >>> [apiv2][query] GET https://runtimeconfig.googleapis.com/v1beta1/projects/told-ya/configs/config/variables/sid [none]
[debug] [2023-02-08T02:52:33.175Z] <<< [apiv2][status] GET https://runtimeconfig.googleapis.com/v1beta1/projects/told-ya/configs/twilio/variables 200
[debug] [2023-02-08T02:52:33.175Z] <<< [apiv2][body] GET https://runtimeconfig.googleapis.com/v1beta1/projects/told-ya/configs/twilio/variables {"variables":[{"name":"projects/told-ya/configs/twilio/variables/token","updateTime":"2020-11-14T16:19:39.976551181Z"},{"name":"projects/told-ya/configs/twilio/variables/sid","updateTime":"2020-11-14T16:19:41.261771199Z"}]}
[debug] [2023-02-08T02:52:33.176Z] >>> [apiv2][query] GET https://runtimeconfig.googleapis.com/v1beta1/projects/told-ya/configs/twilio/variables/token [none]
[debug] [2023-02-08T02:52:33.178Z] >>> [apiv2][query] GET https://runtimeconfig.googleapis.com/v1beta1/projects/told-ya/configs/twilio/variables/sid [none]
[debug] [2023-02-08T02:52:33.301Z] <<< [apiv2][status] GET https://runtimeconfig.googleapis.com/v1beta1/projects/told-ya/configs/config/variables/twilio/sid 200
[debug] [2023-02-08T02:52:33.301Z] <<< [apiv2][body] GET https://runtimeconfig.googleapis.com/v1beta1/projects/told-ya/configs/config/variables/twilio/sid {"name":"projects/told-ya/configs/config/variables/twilio/sid","updateTime":"2023-02-07T19:34:35.872884295Z","text":"AC3ceaa1fdbfdd698c5e460e9cea640062"}
[debug] [2023-02-08T02:52:33.312Z] <<< [apiv2][status] GET https://runtimeconfig.googleapis.com/v1beta1/projects/told-ya/configs/config/variables/sid 200
[debug] [2023-02-08T02:52:33.312Z] <<< [apiv2][body] GET https://runtimeconfig.googleapis.com/v1beta1/projects/told-ya/configs/config/variables/sid {"name":"projects/told-ya/configs/config/variables/sid","updateTime":"2023-02-07T17:46:57.153071463Z","text":"AC3ceaa1fdbfdd698c5e460e9cea640062"}
[debug] [2023-02-08T02:52:33.326Z] <<< [apiv2][status] GET https://runtimeconfig.googleapis.com/v1beta1/projects/told-ya/configs/twilio/variables/token 200
[debug] [2023-02-08T02:52:33.326Z] <<< [apiv2][body] GET https://runtimeconfig.googleapis.com/v1beta1/projects/told-ya/configs/twilio/variables/token {"name":"projects/told-ya/configs/twilio/variables/token","updateTime":"2020-11-14T16:19:39.976551181Z","text":"5bc78cb4e584e6452861bc7d2815201c"}
[debug] [2023-02-08T02:52:33.337Z] <<< [apiv2][status] GET https://runtimeconfig.googleapis.com/v1beta1/projects/told-ya/configs/config/variables/pass 200
[debug] [2023-02-08T02:52:33.337Z] <<< [apiv2][body] GET https://runtimeconfig.googleapis.com/v1beta1/projects/told-ya/configs/config/variables/pass {"name":"projects/told-ya/configs/config/variables/pass","updateTime":"2023-02-07T15:10:29.240204021Z","text":"6a19644510349c48373b5a159a0fdacd"}
[debug] [2023-02-08T02:52:33.363Z] <<< [apiv2][status] GET https://runtimeconfig.googleapis.com/v1beta1/projects/told-ya/configs/twilio/variables/sid 200
[debug] [2023-02-08T02:52:33.363Z] <<< [apiv2][body] GET https://runtimeconfig.googleapis.com/v1beta1/projects/told-ya/configs/twilio/variables/sid {"name":"projects/told-ya/configs/twilio/variables/sid","updateTime":"2020-11-14T16:19:41.261771199Z","text":"AC3ceaa1fdbfdd698c5e460e9cea640062"}
[debug] [2023-02-08T02:52:33.384Z] <<< [apiv2][status] GET https://runtimeconfig.googleapis.com/v1beta1/projects/told-ya/configs/config/variables/key 200
[debug] [2023-02-08T02:52:33.385Z] <<< [apiv2][body] GET https://runtimeconfig.googleapis.com/v1beta1/projects/told-ya/configs/config/variables/key {"name":"projects/told-ya/configs/config/variables/key","updateTime":"2023-02-07T15:10:29.520790435Z","text":"AC3ceaa1fdbfdd698c5e460e9cea640062"}
[debug] [2023-02-08T02:52:33.391Z] <<< [apiv2][status] GET https://runtimeconfig.googleapis.com/v1beta1/projects/told-ya/configs/config/variables/token 200
[debug] [2023-02-08T02:52:33.391Z] <<< [apiv2][body] GET https://runtimeconfig.googleapis.com/v1beta1/projects/told-ya/configs/config/variables/token {"name":"projects/told-ya/configs/config/variables/token","updateTime":"2023-02-07T17:46:57.627726312Z","text":"6a19644510349c48373b5a159a0fdacd"}
[debug] [2023-02-08T02:52:33.435Z] <<< [apiv2][status] GET https://runtimeconfig.googleapis.com/v1beta1/projects/told-ya/configs/config/variables/twilio/token 200
[debug] [2023-02-08T02:52:33.436Z] <<< [apiv2][body] GET https://runtimeconfig.googleapis.com/v1beta1/projects/told-ya/configs/config/variables/twilio/token {"name":"projects/told-ya/configs/config/variables/twilio/token","updateTime":"2023-02-07T19:34:35.812742743Z","text":"6a19644510349c48373b5a159a0fdacd"}
[debug] [2023-02-08T02:52:33.437Z] Validating nodejs source
[debug] [2023-02-08T02:52:34.535Z] > [functions] package.json contents: {
  "name": "functions",
  "scripts": {
    "lint": "tslint --project tsconfig.json",
    "build": "tsc",
    "serve": "npm run build && firebase serve --only functions",
    "shell": "npm run build && firebase functions:shell",
    "start": "npm run shell",
    "deploy": "firebase deploy --only functions",
    "logs": "firebase functions:log"
  },
  "main": "lib/index.js",
  "dependencies": {
    "@firebase/app": "^0.6.30",
    "@firebase/functions-types": "^0.6.0",
    "@types/node": "^18.13.0",
    "cors": "^2.8.5",
    "express": "^4.18.2",
    "firebase": "^9.17.1",
    "firebase-admin": "^11.5.0",
    "firebase-functions": "^4.2.1",
    "twilio": "^4.7.1"
  },
  "devDependencies": {
    "tslint": "~5.8.0",
    "typescript": "^4.9.5"
  },
  "engines": {
    "node": "12"
  },
  "private": true
}
[debug] [2023-02-08T02:52:34.536Z] Building nodejs source
[debug] [2023-02-08T02:52:34.537Z] Could not find functions.yaml. Must use http discovery
[debug] [2023-02-08T02:52:34.547Z] Found firebase-functions binary at '/Users/marcomoretto/Documents/Angular.nosync/told-ya/functions/node_modules/.bin/firebase-functions'
[debug] [2023-02-08T02:52:34.737Z] Serving at port 8673

[debug] [2023-02-08T02:52:34.967Z] Got response from /__/functions.yaml {"endpoints":{"helloWorld":{"platform":"gcfv1","availableMemoryMb":null,"timeoutSeconds":null,"minInstances":null,"maxInstances":null,"ingressSettings":null,"serviceAccountEmail":null,"vpc":null,"httpsTrigger":{},"entryPoint":"helloWorld"},"sendSms":{"platform":"gcfv1","availableMemoryMb":null,"timeoutSeconds":null,"minInstances":null,"maxInstances":null,"ingressSettings":null,"serviceAccountEmail":null,"vpc":null,"httpsTrigger":{},"entryPoint":"sendSms"}},"specVersion":"v1alpha1","requiredAPIs":[]}
[debug] [2023-02-08T02:52:34.975Z] shutdown requested via /__/quitquitquit

[info] i  functions: preparing functions directory for uploading... 
[info] i  functions: packaged /Users/marcomoretto/Documents/Angular.nosync/told-ya/functions (50.25 KB) for uploading 
[debug] [2023-02-08T02:52:35.039Z] >>> [apiv2][query] GET https://cloudfunctions.googleapis.com/v1/projects/told-ya/locations/-/functions [none]
[debug] [2023-02-08T02:52:35.585Z] <<< [apiv2][status] GET https://cloudfunctions.googleapis.com/v1/projects/told-ya/locations/-/functions 200
[debug] [2023-02-08T02:52:35.585Z] <<< [apiv2][body] GET https://cloudfunctions.googleapis.com/v1/projects/told-ya/locations/-/functions {"functions":[{"name":"projects/told-ya/locations/us-central1/functions/sendSms","httpsTrigger":{"url":"https://us-central1-told-ya.cloudfunctions.net/sendSms","securityLevel":"SECURE_ALWAYS"},"status":"ACTIVE","entryPoint":"sendSms","timeout":"60s","availableMemoryMb":256,"serviceAccountEmail":"told-ya@appspot.gserviceaccount.com","updateTime":"2023-02-08T02:33:45.374Z","versionId":"18","labels":{"deployment-tool":"cli-firebase","firebase-functions-hash":"2bd3349b39d7e8b81c60c518d7838e731ac4043d"},"sourceUploadUrl":"https://storage.googleapis.com/uploads-123666295591.us-central1.cloudfunctions.appspot.com/a2e2a71f-1800-48b0-bbc4-89aeeeed27cc.zip","environmentVariables":{"FIREBASE_CONFIG":"{\"projectId\":\"told-ya\",\"databaseURL\":\"https://told-ya.firebaseio.com\",\"storageBucket\":\"told-ya.appspot.com\",\"locationId\":\"us-central\"}","GCLOUD_PROJECT":"told-ya","EVENTARC_CLOUD_EVENT_SOURCE":"projects/told-ya/locations/us-central1/functions/sendSms"},"runtime":"nodejs18","ingressSettings":"ALLOW_ALL","buildId":"def169e6-a550-48d8-b513-a9e293b661fc","buildName":"projects/310995919723/locations/us-central1/builds/def169e6-a550-48d8-b513-a9e293b661fc","dockerRegistry":"ARTIFACT_REGISTRY"}]}
[debug] [2023-02-08T02:52:35.587Z] >>> [apiv2][query] GET https://cloudfunctions.googleapis.com/v2/projects/told-ya/locations/-/functions filter=environment%3D%22GEN_2%22
[debug] [2023-02-08T02:52:36.155Z] <<< [apiv2][status] GET https://cloudfunctions.googleapis.com/v2/projects/told-ya/locations/-/functions 200
[debug] [2023-02-08T02:52:36.155Z] <<< [apiv2][body] GET https://cloudfunctions.googleapis.com/v2/projects/told-ya/locations/-/functions {}
[debug] [2023-02-08T02:52:36.163Z] >>> [apiv2][query] GET https://firebase.googleapis.com/v1beta1/projects/told-ya [none]
[debug] [2023-02-08T02:52:36.481Z] <<< [apiv2][status] GET https://firebase.googleapis.com/v1beta1/projects/told-ya 200
[debug] [2023-02-08T02:52:36.481Z] <<< [apiv2][body] GET https://firebase.googleapis.com/v1beta1/projects/told-ya {"projectId":"told-ya","projectNumber":"310995919723","displayName":"told-ya","name":"projects/told-ya","resources":{"hostingSite":"told-ya","realtimeDatabaseInstance":"told-ya","storageBucket":"told-ya.appspot.com","locationId":"us-central"},"state":"ACTIVE","etag":"1_87a17a2a-4937-4b77-9da8-c6b4677c1d34"}
[debug] [2023-02-08T02:52:36.482Z] >>> [apiv2][query] GET https://firebase.googleapis.com/v1beta1/projects/told-ya [none]
[debug] [2023-02-08T02:52:36.744Z] <<< [apiv2][status] GET https://firebase.googleapis.com/v1beta1/projects/told-ya 200
[debug] [2023-02-08T02:52:36.744Z] <<< [apiv2][body] GET https://firebase.googleapis.com/v1beta1/projects/told-ya {"projectId":"told-ya","projectNumber":"310995919723","displayName":"told-ya","name":"projects/told-ya","resources":{"hostingSite":"told-ya","realtimeDatabaseInstance":"told-ya","storageBucket":"told-ya.appspot.com","locationId":"us-central"},"state":"ACTIVE","etag":"1_87a17a2a-4937-4b77-9da8-c6b4677c1d34"}
[debug] [2023-02-08T02:52:36.749Z] >>> [apiv2][query] POST https://firebasehosting.googleapis.com/v1beta1/projects/-/sites/told-ya/versions [none]
[debug] [2023-02-08T02:52:36.749Z] >>> [apiv2][body] POST https://firebasehosting.googleapis.com/v1beta1/projects/-/sites/told-ya/versions {"status":"CREATED","labels":{"deployment-tool":"cli-firebase"}}
[debug] [2023-02-08T02:52:37.522Z] <<< [apiv2][status] POST https://firebasehosting.googleapis.com/v1beta1/projects/-/sites/told-ya/versions 200
[debug] [2023-02-08T02:52:37.522Z] <<< [apiv2][body] POST https://firebasehosting.googleapis.com/v1beta1/projects/-/sites/told-ya/versions {"name":"projects/310995919723/sites/told-ya/versions/c31e9c3423473b26","status":"CREATED","config":{},"labels":{"deployment-tool":"cli-firebase"}}
[debug] [2023-02-08T02:52:37.525Z] >>> [apiv2][query] GET https://firebaserules.googleapis.com/v1/projects/told-ya/releases pageSize=10&pageToken=
[debug] [2023-02-08T02:52:37.527Z] >>> [apiv2][query] GET https://firestore.googleapis.com/v1/projects/told-ya/databases/(default)/collectionGroups/-/indexes [none]
[debug] [2023-02-08T02:52:37.714Z] <<< [apiv2][status] GET https://firebaserules.googleapis.com/v1/projects/told-ya/releases 200
[debug] [2023-02-08T02:52:37.714Z] <<< [apiv2][body] GET https://firebaserules.googleapis.com/v1/projects/told-ya/releases {"releases":[{"name":"projects/told-ya/releases/cloud.firestore","rulesetName":"projects/told-ya/rulesets/90f076f6-0ba2-4ba3-b0cd-65e7470e3170","createTime":"2020-09-28T03:16:14.897730Z","updateTime":"2020-11-15T20:39:43.543539Z"},{"name":"projects/told-ya/releases/firebase.storage/told-ya.appspot.com","rulesetName":"projects/told-ya/rulesets/9df06aef-d3a9-40df-8950-ebf837b3d477","createTime":"2020-09-28T03:16:05.257060Z","updateTime":"2020-09-28T03:16:05.257060Z"}]}
[debug] [2023-02-08T02:52:37.726Z] >>> [apiv2][query] GET https://firebaserules.googleapis.com/v1/projects/told-ya/rulesets/90f076f6-0ba2-4ba3-b0cd-65e7470e3170 [none]
[debug] [2023-02-08T02:52:37.863Z] <<< [apiv2][status] GET https://firestore.googleapis.com/v1/projects/told-ya/databases/(default)/collectionGroups/-/indexes 200
[debug] [2023-02-08T02:52:37.863Z] <<< [apiv2][body] GET https://firestore.googleapis.com/v1/projects/told-ya/databases/(default)/collectionGroups/-/indexes {}
[debug] [2023-02-08T02:52:37.863Z] >>> [apiv2][query] GET https://firestore.googleapis.com/v1/projects/told-ya/databases/(default)/collectionGroups/-/fields?filter=indexConfig.usesAncestorConfig=false OR ttlConfig:* [none]
[debug] [2023-02-08T02:52:37.973Z] <<< [apiv2][status] GET https://firebaserules.googleapis.com/v1/projects/told-ya/rulesets/90f076f6-0ba2-4ba3-b0cd-65e7470e3170 200
[debug] [2023-02-08T02:52:37.973Z] <<< [apiv2][body] GET https://firebaserules.googleapis.com/v1/projects/told-ya/rulesets/90f076f6-0ba2-4ba3-b0cd-65e7470e3170 [omitted]
[info] i  firestore: latest version of firestore.rules already up to date, skipping upload... 
[debug] [2023-02-08T02:52:38.167Z] <<< [apiv2][status] GET https://firestore.googleapis.com/v1/projects/told-ya/databases/(default)/collectionGroups/-/fields?filter=indexConfig.usesAncestorConfig=false OR ttlConfig:* 200
[debug] [2023-02-08T02:52:38.168Z] <<< [apiv2][body] GET https://firestore.googleapis.com/v1/projects/told-ya/databases/(default)/collectionGroups/-/fields?filter=indexConfig.usesAncestorConfig=false OR ttlConfig:* {"fields":[{"name":"projects/told-ya/databases/(default)/collectionGroups/__default__/fields/*","indexConfig":{"indexes":[{"queryScope":"COLLECTION","fields":[{"fieldPath":"*","order":"ASCENDING"}],"state":"READY"},{"queryScope":"COLLECTION","fields":[{"fieldPath":"*","order":"DESCENDING"}],"state":"READY"},{"queryScope":"COLLECTION","fields":[{"fieldPath":"*","arrayConfig":"CONTAINS"}],"state":"READY"}]}}]}
[info] ✔  firestore: deployed indexes in firestore.indexes.json successfully 
[debug] [2023-02-08T02:52:38.168Z] [functions] found 1 new HTTP functions, testing setIamPolicy permission...
[debug] [2023-02-08T02:52:38.169Z] >>> [apiv2][query] POST https://cloudresourcemanager.googleapis.com/v1/projects/told-ya:testIamPermissions [none]
[debug] [2023-02-08T02:52:38.169Z] >>> [apiv2][(partial)header] POST https://cloudresourcemanager.googleapis.com/v1/projects/told-ya:testIamPermissions x-goog-quota-user=projects/told-ya
[debug] [2023-02-08T02:52:38.169Z] >>> [apiv2][body] POST https://cloudresourcemanager.googleapis.com/v1/projects/told-ya:testIamPermissions {"permissions":["cloudfunctions.functions.setIamPolicy"]}
[debug] [2023-02-08T02:52:38.318Z] <<< [apiv2][status] POST https://cloudresourcemanager.googleapis.com/v1/projects/told-ya:testIamPermissions 200
[debug] [2023-02-08T02:52:38.318Z] <<< [apiv2][body] POST https://cloudresourcemanager.googleapis.com/v1/projects/told-ya:testIamPermissions {"permissions":["cloudfunctions.functions.setIamPolicy"]}
[debug] [2023-02-08T02:52:38.318Z] [functions] found setIamPolicy permission, proceeding with deploy
[debug] [2023-02-08T02:52:38.319Z] >>> [apiv2][query] POST https://cloudfunctions.googleapis.com/v1/projects/told-ya/locations/us-central1/functions:generateUploadUrl [none]
[debug] [2023-02-08T02:52:38.319Z] >>> [apiv2][body] POST https://cloudfunctions.googleapis.com/v1/projects/told-ya/locations/us-central1/functions:generateUploadUrl {}
[debug] [2023-02-08T02:52:38.972Z] <<< [apiv2][status] POST https://cloudfunctions.googleapis.com/v1/projects/told-ya/locations/us-central1/functions:generateUploadUrl 200
[debug] [2023-02-08T02:52:38.972Z] <<< [apiv2][body] POST https://cloudfunctions.googleapis.com/v1/projects/told-ya/locations/us-central1/functions:generateUploadUrl {"uploadUrl":"https://storage.googleapis.com/uploads-123666295591.us-central1.cloudfunctions.appspot.com/5bf90daf-c5b2-4ef8-a4ef-3490793a0353.zip?GoogleAccessId=service-310995919723@gcf-admin-robot.iam.gserviceaccount.com&Expires=1675826558&Signature=HLI4%2Bkj0H2svzVOaoNHUr3K9hYMQ0rwS%2FQygcIVMDCD4koEcTbgee7rUsGD4K401QIIb9x7qDdi0DvG36%2FDzgsrSDGpeCBBuuGLXUXvZ6VDF2kmD6SZXhXFnSDKWZ8tD3Pf7FSUt1zLjCNyrHbO5HwSqyFGVCjHEW3pAYRfu1tA5%2F3Or%2FFDFalzbsKUeDxD9kMmFZZXahQBnviNt93XNQAgWHouv1GighMCYmBzveyJeWJScyhJ7kjxov6t0dp%2B%2Fux0eY1d%2BsLAfB3Z2kit8iOuUrbgeSabO2I2XCwRQop3hyoFpVenBKG7Kb8J8251QENvBahuVmwjEKK%2BRldXnew%3D%3D"}
[debug] [2023-02-08T02:52:38.973Z] >>> [apiv2][query] PUT https://storage.googleapis.com/uploads-123666295591.us-central1.cloudfunctions.appspot.com/5bf90daf-c5b2-4ef8-a4ef-3490793a0353.zip GoogleAccessId=service-310995919723%40gcf-admin-robot.iam.gserviceaccount.com&Expires=1675826558&Signature=HLI4%2Bkj0H2svzVOaoNHUr3K9hYMQ0rwS%2FQygcIVMDCD4koEcTbgee7rUsGD4K401QIIb9x7qDdi0DvG36%2FDzgsrSDGpeCBBuuGLXUXvZ6VDF2kmD6SZXhXFnSDKWZ8tD3Pf7FSUt1zLjCNyrHbO5HwSqyFGVCjHEW3pAYRfu1tA5%2F3Or%2FFDFalzbsKUeDxD9kMmFZZXahQBnviNt93XNQAgWHouv1GighMCYmBzveyJeWJScyhJ7kjxov6t0dp%2B%2Fux0eY1d%2BsLAfB3Z2kit8iOuUrbgeSabO2I2XCwRQop3hyoFpVenBKG7Kb8J8251QENvBahuVmwjEKK%2BRldXnew%3D%3D
[debug] [2023-02-08T02:52:38.973Z] >>> [apiv2][body] PUT https://storage.googleapis.com/uploads-123666295591.us-central1.cloudfunctions.appspot.com/5bf90daf-c5b2-4ef8-a4ef-3490793a0353.zip [stream]
[debug] [2023-02-08T02:52:39.273Z] <<< [apiv2][status] PUT https://storage.googleapis.com/uploads-123666295591.us-central1.cloudfunctions.appspot.com/5bf90daf-c5b2-4ef8-a4ef-3490793a0353.zip 200
[debug] [2023-02-08T02:52:39.274Z] <<< [apiv2][body] PUT https://storage.googleapis.com/uploads-123666295591.us-central1.cloudfunctions.appspot.com/5bf90daf-c5b2-4ef8-a4ef-3490793a0353.zip [omitted]
[info] ✔  functions: functions folder uploaded successfully 
[info] i  hosting[told-ya]: beginning deploy... 
[info] i  hosting[told-ya]: found 9 files in dist/angular-ci-firebase 
[debug] [2023-02-08T02:52:39.280Z] [hosting] uploading with 200 concurrency
[debug] [2023-02-08T02:52:39.281Z] [hosting] hash cache [ZGlzdC9hbmd1bGFyLWNpLWZpcmViYXNl] not populated
[debug] [2023-02-08T02:52:39.376Z] [hosting] hash cache [ZGlzdC9hbmd1bGFyLWNpLWZpcmViYXNl] stored for 9 files
[debug] [2023-02-08T02:52:39.376Z] [hosting][hash queue][FINAL] {"max":88,"min":6,"avg":18.555555555555557,"active":0,"complete":9,"success":9,"errored":0,"retried":0,"total":9,"elapsed":91}
[debug] [2023-02-08T02:52:39.377Z] >>> [apiv2][query] POST https://firebasehosting.googleapis.com/v1beta1/projects/310995919723/sites/told-ya/versions/c31e9c3423473b26:populateFiles [none]
[debug] [2023-02-08T02:52:39.377Z] >>> [apiv2][body] POST https://firebasehosting.googleapis.com/v1beta1/projects/310995919723/sites/told-ya/versions/c31e9c3423473b26:populateFiles {"files":{"/818.js":"7409c6ba0f987053d315361a3067b72920a8d5aac563643d6191e6e92009554e","/favicon.ico":"3c8f1dca744007357393e9228949f1d36e0865c21c06cb504be0fa21e397df5f","/runtime.js":"4c748c473e822530a45f253a009e0be7eb0ed19932265a142124efea8c9548df","/3rdpartylicenses.txt":"4f4ddea5d6f3df3182f4db393683809472e27c803693b73666860b077f43947d","/index.html":"3e739c1c5340b3b525af4d16cb7fd2b723d1d140c7318c118bd68497eb888383","/polyfills.js":"f18a7f59bf5e9e8eef993d8232f4c12e801d24900d9cdeaefdabc506bf7b15f0","/971.js":"0289800193e5a73db49b64ed532973914321bcc3c5d1c591c43f1ef982810916","/styles.css":"74b24438e1f8964be788e6346934b8ea6a59af85cddf0f4df8567f14f5095f59","/main.js":"2559aafc6992e3f326600d94cfbe3c46dce641fc7c8eb323ee2c744e68d859a9"}}
[debug] [2023-02-08T02:52:39.843Z] <<< [apiv2][status] POST https://firebasehosting.googleapis.com/v1beta1/projects/310995919723/sites/told-ya/versions/c31e9c3423473b26:populateFiles 200
[debug] [2023-02-08T02:52:39.843Z] <<< [apiv2][body] POST https://firebasehosting.googleapis.com/v1beta1/projects/310995919723/sites/told-ya/versions/c31e9c3423473b26:populateFiles {"uploadRequiredHashes":["2559aafc6992e3f326600d94cfbe3c46dce641fc7c8eb323ee2c744e68d859a9","4f4ddea5d6f3df3182f4db393683809472e27c803693b73666860b077f43947d","3e739c1c5340b3b525af4d16cb7fd2b723d1d140c7318c118bd68497eb888383","f18a7f59bf5e9e8eef993d8232f4c12e801d24900d9cdeaefdabc506bf7b15f0","0289800193e5a73db49b64ed532973914321bcc3c5d1c591c43f1ef982810916","7409c6ba0f987053d315361a3067b72920a8d5aac563643d6191e6e92009554e","4c748c473e822530a45f253a009e0be7eb0ed19932265a142124efea8c9548df","74b24438e1f8964be788e6346934b8ea6a59af85cddf0f4df8567f14f5095f59"],"uploadUrl":"https://upload-firebasehosting.googleapis.com/upload/sites/told-ya/versions/c31e9c3423473b26/files"}
[debug] [2023-02-08T02:52:39.845Z] >>> [apiv2][query] POST https://upload-firebasehosting.googleapis.com/upload/sites/told-ya/versions/c31e9c3423473b26/files/2559aafc6992e3f326600d94cfbe3c46dce641fc7c8eb323ee2c744e68d859a9 [none]
[debug] [2023-02-08T02:52:39.845Z] >>> [apiv2][body] POST https://upload-firebasehosting.googleapis.com/upload/sites/told-ya/versions/c31e9c3423473b26/files/2559aafc6992e3f326600d94cfbe3c46dce641fc7c8eb323ee2c744e68d859a9 [stream]
[debug] [2023-02-08T02:52:39.846Z] >>> [apiv2][query] POST https://upload-firebasehosting.googleapis.com/upload/sites/told-ya/versions/c31e9c3423473b26/files/4f4ddea5d6f3df3182f4db393683809472e27c803693b73666860b077f43947d [none]
[debug] [2023-02-08T02:52:39.846Z] >>> [apiv2][body] POST https://upload-firebasehosting.googleapis.com/upload/sites/told-ya/versions/c31e9c3423473b26/files/4f4ddea5d6f3df3182f4db393683809472e27c803693b73666860b077f43947d [stream]
[debug] [2023-02-08T02:52:39.847Z] >>> [apiv2][query] POST https://upload-firebasehosting.googleapis.com/upload/sites/told-ya/versions/c31e9c3423473b26/files/3e739c1c5340b3b525af4d16cb7fd2b723d1d140c7318c118bd68497eb888383 [none]
[debug] [2023-02-08T02:52:39.847Z] >>> [apiv2][body] POST https://upload-firebasehosting.googleapis.com/upload/sites/told-ya/versions/c31e9c3423473b26/files/3e739c1c5340b3b525af4d16cb7fd2b723d1d140c7318c118bd68497eb888383 [stream]
[debug] [2023-02-08T02:52:39.848Z] >>> [apiv2][query] POST https://upload-firebasehosting.googleapis.com/upload/sites/told-ya/versions/c31e9c3423473b26/files/f18a7f59bf5e9e8eef993d8232f4c12e801d24900d9cdeaefdabc506bf7b15f0 [none]
[debug] [2023-02-08T02:52:39.848Z] >>> [apiv2][body] POST https://upload-firebasehosting.googleapis.com/upload/sites/told-ya/versions/c31e9c3423473b26/files/f18a7f59bf5e9e8eef993d8232f4c12e801d24900d9cdeaefdabc506bf7b15f0 [stream]
[debug] [2023-02-08T02:52:39.849Z] >>> [apiv2][query] POST https://upload-firebasehosting.googleapis.com/upload/sites/told-ya/versions/c31e9c3423473b26/files/0289800193e5a73db49b64ed532973914321bcc3c5d1c591c43f1ef982810916 [none]
[debug] [2023-02-08T02:52:39.849Z] >>> [apiv2][body] POST https://upload-firebasehosting.googleapis.com/upload/sites/told-ya/versions/c31e9c3423473b26/files/0289800193e5a73db49b64ed532973914321bcc3c5d1c591c43f1ef982810916 [stream]
[debug] [2023-02-08T02:52:39.849Z] >>> [apiv2][query] POST https://upload-firebasehosting.googleapis.com/upload/sites/told-ya/versions/c31e9c3423473b26/files/7409c6ba0f987053d315361a3067b72920a8d5aac563643d6191e6e92009554e [none]
[debug] [2023-02-08T02:52:39.850Z] >>> [apiv2][body] POST https://upload-firebasehosting.googleapis.com/upload/sites/told-ya/versions/c31e9c3423473b26/files/7409c6ba0f987053d315361a3067b72920a8d5aac563643d6191e6e92009554e [stream]
[debug] [2023-02-08T02:52:39.850Z] >>> [apiv2][query] POST https://upload-firebasehosting.googleapis.com/upload/sites/told-ya/versions/c31e9c3423473b26/files/4c748c473e822530a45f253a009e0be7eb0ed19932265a142124efea8c9548df [none]
[debug] [2023-02-08T02:52:39.850Z] >>> [apiv2][body] POST https://upload-firebasehosting.googleapis.com/upload/sites/told-ya/versions/c31e9c3423473b26/files/4c748c473e822530a45f253a009e0be7eb0ed19932265a142124efea8c9548df [stream]
[debug] [2023-02-08T02:52:39.851Z] >>> [apiv2][query] POST https://upload-firebasehosting.googleapis.com/upload/sites/told-ya/versions/c31e9c3423473b26/files/74b24438e1f8964be788e6346934b8ea6a59af85cddf0f4df8567f14f5095f59 [none]
[debug] [2023-02-08T02:52:39.852Z] >>> [apiv2][body] POST https://upload-firebasehosting.googleapis.com/upload/sites/told-ya/versions/c31e9c3423473b26/files/74b24438e1f8964be788e6346934b8ea6a59af85cddf0f4df8567f14f5095f59 [stream]
[debug] [2023-02-08T02:52:39.853Z] [hosting][populate queue][FINAL] {"max":470,"min":470,"avg":470,"active":0,"complete":1,"success":1,"errored":0,"retried":0,"total":1,"elapsed":478}
[debug] [2023-02-08T02:52:39.853Z] [hosting] uploads queued: 8
[debug] [2023-02-08T02:52:40.838Z] <<< [apiv2][status] POST https://upload-firebasehosting.googleapis.com/upload/sites/told-ya/versions/c31e9c3423473b26/files/7409c6ba0f987053d315361a3067b72920a8d5aac563643d6191e6e92009554e 200
[debug] [2023-02-08T02:52:40.838Z] <<< [apiv2][body] POST https://upload-firebasehosting.googleapis.com/upload/sites/told-ya/versions/c31e9c3423473b26/files/7409c6ba0f987053d315361a3067b72920a8d5aac563643d6191e6e92009554e [stream]
[debug] [2023-02-08T02:52:40.918Z] <<< [apiv2][status] POST https://upload-firebasehosting.googleapis.com/upload/sites/told-ya/versions/c31e9c3423473b26/files/f18a7f59bf5e9e8eef993d8232f4c12e801d24900d9cdeaefdabc506bf7b15f0 200
[debug] [2023-02-08T02:52:40.918Z] <<< [apiv2][body] POST https://upload-firebasehosting.googleapis.com/upload/sites/told-ya/versions/c31e9c3423473b26/files/f18a7f59bf5e9e8eef993d8232f4c12e801d24900d9cdeaefdabc506bf7b15f0 [stream]
[debug] [2023-02-08T02:52:40.973Z] <<< [apiv2][status] POST https://upload-firebasehosting.googleapis.com/upload/sites/told-ya/versions/c31e9c3423473b26/files/74b24438e1f8964be788e6346934b8ea6a59af85cddf0f4df8567f14f5095f59 200
[debug] [2023-02-08T02:52:40.973Z] <<< [apiv2][body] POST https://upload-firebasehosting.googleapis.com/upload/sites/told-ya/versions/c31e9c3423473b26/files/74b24438e1f8964be788e6346934b8ea6a59af85cddf0f4df8567f14f5095f59 [stream]
[debug] [2023-02-08T02:52:40.989Z] <<< [apiv2][status] POST https://upload-firebasehosting.googleapis.com/upload/sites/told-ya/versions/c31e9c3423473b26/files/3e739c1c5340b3b525af4d16cb7fd2b723d1d140c7318c118bd68497eb888383 200
[debug] [2023-02-08T02:52:40.990Z] <<< [apiv2][body] POST https://upload-firebasehosting.googleapis.com/upload/sites/told-ya/versions/c31e9c3423473b26/files/3e739c1c5340b3b525af4d16cb7fd2b723d1d140c7318c118bd68497eb888383 [stream]
[debug] [2023-02-08T02:52:41.010Z] <<< [apiv2][status] POST https://upload-firebasehosting.googleapis.com/upload/sites/told-ya/versions/c31e9c3423473b26/files/2559aafc6992e3f326600d94cfbe3c46dce641fc7c8eb323ee2c744e68d859a9 200
[debug] [2023-02-08T02:52:41.010Z] <<< [apiv2][body] POST https://upload-firebasehosting.googleapis.com/upload/sites/told-ya/versions/c31e9c3423473b26/files/2559aafc6992e3f326600d94cfbe3c46dce641fc7c8eb323ee2c744e68d859a9 [stream]
[debug] [2023-02-08T02:52:41.044Z] <<< [apiv2][status] POST https://upload-firebasehosting.googleapis.com/upload/sites/told-ya/versions/c31e9c3423473b26/files/0289800193e5a73db49b64ed532973914321bcc3c5d1c591c43f1ef982810916 200
[debug] [2023-02-08T02:52:41.044Z] <<< [apiv2][body] POST https://upload-firebasehosting.googleapis.com/upload/sites/told-ya/versions/c31e9c3423473b26/files/0289800193e5a73db49b64ed532973914321bcc3c5d1c591c43f1ef982810916 [stream]
[debug] [2023-02-08T02:52:41.227Z] <<< [apiv2][status] POST https://upload-firebasehosting.googleapis.com/upload/sites/told-ya/versions/c31e9c3423473b26/files/4c748c473e822530a45f253a009e0be7eb0ed19932265a142124efea8c9548df 200
[debug] [2023-02-08T02:52:41.227Z] <<< [apiv2][body] POST https://upload-firebasehosting.googleapis.com/upload/sites/told-ya/versions/c31e9c3423473b26/files/4c748c473e822530a45f253a009e0be7eb0ed19932265a142124efea8c9548df [stream]
[debug] [2023-02-08T02:52:41.351Z] <<< [apiv2][status] POST https://upload-firebasehosting.googleapis.com/upload/sites/told-ya/versions/c31e9c3423473b26/files/4f4ddea5d6f3df3182f4db393683809472e27c803693b73666860b077f43947d 200
[debug] [2023-02-08T02:52:41.351Z] <<< [apiv2][body] POST https://upload-firebasehosting.googleapis.com/upload/sites/told-ya/versions/c31e9c3423473b26/files/4f4ddea5d6f3df3182f4db393683809472e27c803693b73666860b077f43947d [stream]
[debug] [2023-02-08T02:52:41.351Z] [hosting][upload queue][FINAL] {"max":1507,"min":994,"avg":1199.375,"active":0,"complete":8,"success":8,"errored":0,"retried":0,"total":8,"elapsed":1507}
[info] ✔  hosting[told-ya]: file upload complete 
[debug] [2023-02-08T02:52:41.352Z] [hosting] deploy completed after 2075ms
[debug] [2023-02-08T02:52:41.356Z] [rules] releasing cloud.firestore with ruleset projects/told-ya/rulesets/90f076f6-0ba2-4ba3-b0cd-65e7470e3170
[debug] [2023-02-08T02:52:41.356Z] >>> [apiv2][query] PATCH https://firebaserules.googleapis.com/v1/projects/told-ya/releases/cloud.firestore [none]
[debug] [2023-02-08T02:52:41.356Z] >>> [apiv2][body] PATCH https://firebaserules.googleapis.com/v1/projects/told-ya/releases/cloud.firestore {"release":{"name":"projects/told-ya/releases/cloud.firestore","rulesetName":"projects/told-ya/rulesets/90f076f6-0ba2-4ba3-b0cd-65e7470e3170"}}
[debug] [2023-02-08T02:52:41.805Z] <<< [apiv2][status] PATCH https://firebaserules.googleapis.com/v1/projects/told-ya/releases/cloud.firestore 200
[debug] [2023-02-08T02:52:41.805Z] <<< [apiv2][body] PATCH https://firebaserules.googleapis.com/v1/projects/told-ya/releases/cloud.firestore {"name":"projects/told-ya/releases/cloud.firestore","rulesetName":"projects/told-ya/rulesets/90f076f6-0ba2-4ba3-b0cd-65e7470e3170","createTime":"2020-09-28T03:16:14.897730Z","updateTime":"2023-02-08T02:52:41.816080Z"}
[debug] [2023-02-08T02:52:41.805Z] [rules] updated release projects/told-ya/releases/cloud.firestore
[info] ✔  firestore: released rules firestore.rules to cloud.firestore 
[info] i  functions: creating Node.js 18 function helloWorld(us-central1)... 
[info] i  functions: updating Node.js 18 function sendSms(us-central1)... 
[debug] [2023-02-08T02:52:41.809Z] >>> [apiv2][query] POST https://cloudfunctions.googleapis.com/v1/projects/told-ya/locations/us-central1/functions [none]
[debug] [2023-02-08T02:52:41.809Z] >>> [apiv2][body] POST https://cloudfunctions.googleapis.com/v1/projects/told-ya/locations/us-central1/functions {"name":"projects/told-ya/locations/us-central1/functions/helloWorld","sourceUploadUrl":"https://storage.googleapis.com/uploads-123666295591.us-central1.cloudfunctions.appspot.com/5bf90daf-c5b2-4ef8-a4ef-3490793a0353.zip?GoogleAccessId=service-310995919723@gcf-admin-robot.iam.gserviceaccount.com&Expires=1675826558&Signature=HLI4%2Bkj0H2svzVOaoNHUr3K9hYMQ0rwS%2FQygcIVMDCD4koEcTbgee7rUsGD4K401QIIb9x7qDdi0DvG36%2FDzgsrSDGpeCBBuuGLXUXvZ6VDF2kmD6SZXhXFnSDKWZ8tD3Pf7FSUt1zLjCNyrHbO5HwSqyFGVCjHEW3pAYRfu1tA5%2F3Or%2FFDFalzbsKUeDxD9kMmFZZXahQBnviNt93XNQAgWHouv1GighMCYmBzveyJeWJScyhJ7kjxov6t0dp%2B%2Fux0eY1d%2BsLAfB3Z2kit8iOuUrbgeSabO2I2XCwRQop3hyoFpVenBKG7Kb8J8251QENvBahuVmwjEKK%2BRldXnew%3D%3D","entryPoint":"helloWorld","runtime":"nodejs18","dockerRegistry":"ARTIFACT_REGISTRY","labels":{"deployment-tool":"cli-firebase","firebase-functions-hash":"38907f0e69c607fa9af507cc9849feec9b790ae0"},"httpsTrigger":{"securityLevel":"SECURE_ALWAYS"},"minInstances":null,"maxInstances":null,"ingressSettings":null,"environmentVariables":{"FIREBASE_CONFIG":"{\"projectId\":\"told-ya\",\"databaseURL\":\"https://told-ya.firebaseio.com\",\"storageBucket\":\"told-ya.appspot.com\",\"locationId\":\"us-central\"}","GCLOUD_PROJECT":"told-ya","EVENTARC_CLOUD_EVENT_SOURCE":"projects/told-ya/locations/us-central1/functions/sendSms"},"serviceAccountEmail":null,"availableMemoryMb":null,"timeout":null,"vpcConnector":null,"vpcConnectorEgressSettings":null}
[debug] [2023-02-08T02:52:42.412Z] <<< [apiv2][status] POST https://cloudfunctions.googleapis.com/v1/projects/told-ya/locations/us-central1/functions 200
[debug] [2023-02-08T02:52:42.412Z] <<< [apiv2][body] POST https://cloudfunctions.googleapis.com/v1/projects/told-ya/locations/us-central1/functions {"name":"operations/dG9sZC15YS91cy1jZW50cmFsMS9oZWxsb1dvcmxkLzNYOXNiQksxQS1r","metadata":{"@type":"type.googleapis.com/google.cloud.functions.v1.OperationMetadataV1","target":"projects/told-ya/locations/us-central1/functions/helloWorld","type":"CREATE_FUNCTION","request":{"@type":"type.googleapis.com/google.cloud.functions.v1.CloudFunction","name":"projects/told-ya/locations/us-central1/functions/helloWorld","httpsTrigger":{"securityLevel":"SECURE_ALWAYS"},"entryPoint":"helloWorld","labels":{"deployment-tool":"cli-firebase","firebase-functions-hash":"38907f0e69c607fa9af507cc9849feec9b790ae0"},"sourceUploadUrl":"https://storage.googleapis.com/uploads-123666295591.us-central1.cloudfunctions.appspot.com/5bf90daf-c5b2-4ef8-a4ef-3490793a0353.zip?GoogleAccessId=service-310995919723@gcf-admin-robot.iam.gserviceaccount.com&Expires=1675826558&Signature=HLI4%2Bkj0H2svzVOaoNHUr3K9hYMQ0rwS%2FQygcIVMDCD4koEcTbgee7rUsGD4K401QIIb9x7qDdi0DvG36%2FDzgsrSDGpeCBBuuGLXUXvZ6VDF2kmD6SZXhXFnSDKWZ8tD3Pf7FSUt1zLjCNyrHbO5HwSqyFGVCjHEW3pAYRfu1tA5%2F3Or%2FFDFalzbsKUeDxD9kMmFZZXahQBnviNt93XNQAgWHouv1GighMCYmBzveyJeWJScyhJ7kjxov6t0dp%2B%2Fux0eY1d%2BsLAfB3Z2kit8iOuUrbgeSabO2I2XCwRQop3hyoFpVenBKG7Kb8J8251QENvBahuVmwjEKK%2BRldXnew%3D%3D","environmentVariables":{"FIREBASE_CONFIG":"{\"projectId\":\"told-ya\",\"databaseURL\":\"https://told-ya.firebaseio.com\",\"storageBucket\":\"told-ya.appspot.com\",\"locationId\":\"us-central\"}","GCLOUD_PROJECT":"told-ya","EVENTARC_CLOUD_EVENT_SOURCE":"projects/told-ya/locations/us-central1/functions/sendSms"},"runtime":"nodejs18","dockerRegistry":"ARTIFACT_REGISTRY"},"versionId":"1","updateTime":"2023-02-08T02:52:42Z"}}
[debug] [2023-02-08T02:52:42.413Z] >>> [apiv2][query] GET https://cloudfunctions.googleapis.com/v1/operations/dG9sZC15YS91cy1jZW50cmFsMS9oZWxsb1dvcmxkLzNYOXNiQksxQS1r [none]
[debug] [2023-02-08T02:52:42.649Z] <<< [apiv2][status] GET https://cloudfunctions.googleapis.com/v1/operations/dG9sZC15YS91cy1jZW50cmFsMS9oZWxsb1dvcmxkLzNYOXNiQksxQS1r 200
[debug] [2023-02-08T02:52:42.649Z] <<< [apiv2][body] GET https://cloudfunctions.googleapis.com/v1/operations/dG9sZC15YS91cy1jZW50cmFsMS9oZWxsb1dvcmxkLzNYOXNiQksxQS1r {"name":"operations/dG9sZC15YS91cy1jZW50cmFsMS9oZWxsb1dvcmxkLzNYOXNiQksxQS1r","metadata":{"@type":"type.googleapis.com/google.cloud.functions.v1.OperationMetadataV1","target":"projects/told-ya/locations/us-central1/functions/helloWorld","type":"CREATE_FUNCTION","request":{"@type":"type.googleapis.com/google.cloud.functions.v1.CloudFunction","name":"projects/told-ya/locations/us-central1/functions/helloWorld","httpsTrigger":{"securityLevel":"SECURE_ALWAYS"},"entryPoint":"helloWorld","labels":{"deployment-tool":"cli-firebase","firebase-functions-hash":"38907f0e69c607fa9af507cc9849feec9b790ae0"},"sourceUploadUrl":"https://storage.googleapis.com/uploads-123666295591.us-central1.cloudfunctions.appspot.com/5bf90daf-c5b2-4ef8-a4ef-3490793a0353.zip?GoogleAccessId=service-310995919723@gcf-admin-robot.iam.gserviceaccount.com&Expires=1675826558&Signature=HLI4%2Bkj0H2svzVOaoNHUr3K9hYMQ0rwS%2FQygcIVMDCD4koEcTbgee7rUsGD4K401QIIb9x7qDdi0DvG36%2FDzgsrSDGpeCBBuuGLXUXvZ6VDF2kmD6SZXhXFnSDKWZ8tD3Pf7FSUt1zLjCNyrHbO5HwSqyFGVCjHEW3pAYRfu1tA5%2F3Or%2FFDFalzbsKUeDxD9kMmFZZXahQBnviNt93XNQAgWHouv1GighMCYmBzveyJeWJScyhJ7kjxov6t0dp%2B%2Fux0eY1d%2BsLAfB3Z2kit8iOuUrbgeSabO2I2XCwRQop3hyoFpVenBKG7Kb8J8251QENvBahuVmwjEKK%2BRldXnew%3D%3D","environmentVariables":{"FIREBASE_CONFIG":"{\"projectId\":\"told-ya\",\"databaseURL\":\"https://told-ya.firebaseio.com\",\"storageBucket\":\"told-ya.appspot.com\",\"locationId\":\"us-central\"}","GCLOUD_PROJECT":"told-ya","EVENTARC_CLOUD_EVENT_SOURCE":"projects/told-ya/locations/us-central1/functions/sendSms"},"runtime":"nodejs18","dockerRegistry":"ARTIFACT_REGISTRY"},"versionId":"1","updateTime":"2023-02-08T02:52:42Z"}}
[debug] [2023-02-08T02:52:43.151Z] [create-default-us-central1-helloWorld] Retrying task index 0
[debug] [2023-02-08T02:52:43.151Z] >>> [apiv2][query] GET https://cloudfunctions.googleapis.com/v1/operations/dG9sZC15YS91cy1jZW50cmFsMS9oZWxsb1dvcmxkLzNYOXNiQksxQS1r [none]
[debug] [2023-02-08T02:52:43.378Z] <<< [apiv2][status] GET https://cloudfunctions.googleapis.com/v1/operations/dG9sZC15YS91cy1jZW50cmFsMS9oZWxsb1dvcmxkLzNYOXNiQksxQS1r 200
[debug] [2023-02-08T02:52:43.378Z] <<< [apiv2][body] GET https://cloudfunctions.googleapis.com/v1/operations/dG9sZC15YS91cy1jZW50cmFsMS9oZWxsb1dvcmxkLzNYOXNiQksxQS1r {"name":"operations/dG9sZC15YS91cy1jZW50cmFsMS9oZWxsb1dvcmxkLzNYOXNiQksxQS1r","metadata":{"@type":"type.googleapis.com/google.cloud.functions.v1.OperationMetadataV1","target":"projects/told-ya/locations/us-central1/functions/helloWorld","type":"CREATE_FUNCTION","request":{"@type":"type.googleapis.com/google.cloud.functions.v1.CloudFunction","name":"projects/told-ya/locations/us-central1/functions/helloWorld","httpsTrigger":{"securityLevel":"SECURE_ALWAYS"},"entryPoint":"helloWorld","labels":{"deployment-tool":"cli-firebase","firebase-functions-hash":"38907f0e69c607fa9af507cc9849feec9b790ae0"},"sourceUploadUrl":"https://storage.googleapis.com/uploads-123666295591.us-central1.cloudfunctions.appspot.com/5bf90daf-c5b2-4ef8-a4ef-3490793a0353.zip?GoogleAccessId=service-310995919723@gcf-admin-robot.iam.gserviceaccount.com&Expires=1675826558&Signature=HLI4%2Bkj0H2svzVOaoNHUr3K9hYMQ0rwS%2FQygcIVMDCD4koEcTbgee7rUsGD4K401QIIb9x7qDdi0DvG36%2FDzgsrSDGpeCBBuuGLXUXvZ6VDF2kmD6SZXhXFnSDKWZ8tD3Pf7FSUt1zLjCNyrHbO5HwSqyFGVCjHEW3pAYRfu1tA5%2F3Or%2FFDFalzbsKUeDxD9kMmFZZXahQBnviNt93XNQAgWHouv1GighMCYmBzveyJeWJScyhJ7kjxov6t0dp%2B%2Fux0eY1d%2BsLAfB3Z2kit8iOuUrbgeSabO2I2XCwRQop3hyoFpVenBKG7Kb8J8251QENvBahuVmwjEKK%2BRldXnew%3D%3D","environmentVariables":{"FIREBASE_CONFIG":"{\"projectId\":\"told-ya\",\"databaseURL\":\"https://told-ya.firebaseio.com\",\"storageBucket\":\"told-ya.appspot.com\",\"locationId\":\"us-central\"}","GCLOUD_PROJECT":"told-ya","EVENTARC_CLOUD_EVENT_SOURCE":"projects/told-ya/locations/us-central1/functions/sendSms"},"runtime":"nodejs18","dockerRegistry":"ARTIFACT_REGISTRY"},"versionId":"1","updateTime":"2023-02-08T02:52:42Z","buildId":"402cfaf5-69b5-4328-9d65-704d5720a051","buildName":"projects/310995919723/locations/us-central1/builds/402cfaf5-69b5-4328-9d65-704d5720a051"}}
[debug] [2023-02-08T02:52:44.380Z] [create-default-us-central1-helloWorld] Retrying task index 0
[debug] [2023-02-08T02:52:44.380Z] >>> [apiv2][query] GET https://cloudfunctions.googleapis.com/v1/operations/dG9sZC15YS91cy1jZW50cmFsMS9oZWxsb1dvcmxkLzNYOXNiQksxQS1r [none]
[debug] [2023-02-08T02:52:44.568Z] <<< [apiv2][status] GET https://cloudfunctions.googleapis.com/v1/operations/dG9sZC15YS91cy1jZW50cmFsMS9oZWxsb1dvcmxkLzNYOXNiQksxQS1r 200
[debug] [2023-02-08T02:52:44.568Z] <<< [apiv2][body] GET https://cloudfunctions.googleapis.com/v1/operations/dG9sZC15YS91cy1jZW50cmFsMS9oZWxsb1dvcmxkLzNYOXNiQksxQS1r {"name":"operations/dG9sZC15YS91cy1jZW50cmFsMS9oZWxsb1dvcmxkLzNYOXNiQksxQS1r","metadata":{"@type":"type.googleapis.com/google.cloud.functions.v1.OperationMetadataV1","target":"projects/told-ya/locations/us-central1/functions/helloWorld","type":"CREATE_FUNCTION","request":{"@type":"type.googleapis.com/google.cloud.functions.v1.CloudFunction","name":"projects/told-ya/locations/us-central1/functions/helloWorld","httpsTrigger":{"securityLevel":"SECURE_ALWAYS"},"entryPoint":"helloWorld","labels":{"deployment-tool":"cli-firebase","firebase-functions-hash":"38907f0e69c607fa9af507cc9849feec9b790ae0"},"sourceUploadUrl":"https://storage.googleapis.com/uploads-123666295591.us-central1.cloudfunctions.appspot.com/5bf90daf-c5b2-4ef8-a4ef-3490793a0353.zip?GoogleAccessId=service-310995919723@gcf-admin-robot.iam.gserviceaccount.com&Expires=1675826558&Signature=HLI4%2Bkj0H2svzVOaoNHUr3K9hYMQ0rwS%2FQygcIVMDCD4koEcTbgee7rUsGD4K401QIIb9x7qDdi0DvG36%2FDzgsrSDGpeCBBuuGLXUXvZ6VDF2kmD6SZXhXFnSDKWZ8tD3Pf7FSUt1zLjCNyrHbO5HwSqyFGVCjHEW3pAYRfu1tA5%2F3Or%2FFDFalzbsKUeDxD9kMmFZZXahQBnviNt93XNQAgWHouv1GighMCYmBzveyJeWJScyhJ7kjxov6t0dp%2B%2Fux0eY1d%2BsLAfB3Z2kit8iOuUrbgeSabO2I2XCwRQop3hyoFpVenBKG7Kb8J8251QENvBahuVmwjEKK%2BRldXnew%3D%3D","environmentVariables":{"FIREBASE_CONFIG":"{\"projectId\":\"told-ya\",\"databaseURL\":\"https://told-ya.firebaseio.com\",\"storageBucket\":\"told-ya.appspot.com\",\"locationId\":\"us-central\"}","GCLOUD_PROJECT":"told-ya","EVENTARC_CLOUD_EVENT_SOURCE":"projects/told-ya/locations/us-central1/functions/sendSms"},"runtime":"nodejs18","dockerRegistry":"ARTIFACT_REGISTRY"},"versionId":"1","updateTime":"2023-02-08T02:52:42Z","buildId":"402cfaf5-69b5-4328-9d65-704d5720a051","buildName":"projects/310995919723/locations/us-central1/builds/402cfaf5-69b5-4328-9d65-704d5720a051"}}
[debug] [2023-02-08T02:52:46.569Z] [create-default-us-central1-helloWorld] Retrying task index 0
[debug] [2023-02-08T02:52:46.570Z] >>> [apiv2][query] GET https://cloudfunctions.googleapis.com/v1/operations/dG9sZC15YS91cy1jZW50cmFsMS9oZWxsb1dvcmxkLzNYOXNiQksxQS1r [none]
[debug] [2023-02-08T02:52:46.853Z] <<< [apiv2][status] GET https://cloudfunctions.googleapis.com/v1/operations/dG9sZC15YS91cy1jZW50cmFsMS9oZWxsb1dvcmxkLzNYOXNiQksxQS1r 200
[debug] [2023-02-08T02:52:46.853Z] <<< [apiv2][body] GET https://cloudfunctions.googleapis.com/v1/operations/dG9sZC15YS91cy1jZW50cmFsMS9oZWxsb1dvcmxkLzNYOXNiQksxQS1r {"name":"operations/dG9sZC15YS91cy1jZW50cmFsMS9oZWxsb1dvcmxkLzNYOXNiQksxQS1r","metadata":{"@type":"type.googleapis.com/google.cloud.functions.v1.OperationMetadataV1","target":"projects/told-ya/locations/us-central1/functions/helloWorld","type":"CREATE_FUNCTION","request":{"@type":"type.googleapis.com/google.cloud.functions.v1.CloudFunction","name":"projects/told-ya/locations/us-central1/functions/helloWorld","httpsTrigger":{"securityLevel":"SECURE_ALWAYS"},"entryPoint":"helloWorld","labels":{"deployment-tool":"cli-firebase","firebase-functions-hash":"38907f0e69c607fa9af507cc9849feec9b790ae0"},"sourceUploadUrl":"https://storage.googleapis.com/uploads-123666295591.us-central1.cloudfunctions.appspot.com/5bf90daf-c5b2-4ef8-a4ef-3490793a0353.zip?GoogleAccessId=service-310995919723@gcf-admin-robot.iam.gserviceaccount.com&Expires=1675826558&Signature=HLI4%2Bkj0H2svzVOaoNHUr3K9hYMQ0rwS%2FQygcIVMDCD4koEcTbgee7rUsGD4K401QIIb9x7qDdi0DvG36%2FDzgsrSDGpeCBBuuGLXUXvZ6VDF2kmD6SZXhXFnSDKWZ8tD3Pf7FSUt1zLjCNyrHbO5HwSqyFGVCjHEW3pAYRfu1tA5%2F3Or%2FFDFalzbsKUeDxD9kMmFZZXahQBnviNt93XNQAgWHouv1GighMCYmBzveyJeWJScyhJ7kjxov6t0dp%2B%2Fux0eY1d%2BsLAfB3Z2kit8iOuUrbgeSabO2I2XCwRQop3hyoFpVenBKG7Kb8J8251QENvBahuVmwjEKK%2BRldXnew%3D%3D","environmentVariables":{"FIREBASE_CONFIG":"{\"projectId\":\"told-ya\",\"databaseURL\":\"https://told-ya.firebaseio.com\",\"storageBucket\":\"told-ya.appspot.com\",\"locationId\":\"us-central\"}","GCLOUD_PROJECT":"told-ya","EVENTARC_CLOUD_EVENT_SOURCE":"projects/told-ya/locations/us-central1/functions/sendSms"},"runtime":"nodejs18","dockerRegistry":"ARTIFACT_REGISTRY"},"versionId":"1","updateTime":"2023-02-08T02:52:42Z","buildId":"402cfaf5-69b5-4328-9d65-704d5720a051","buildName":"projects/310995919723/locations/us-central1/builds/402cfaf5-69b5-4328-9d65-704d5720a051"}}
[debug] [2023-02-08T02:52:50.853Z] [create-default-us-central1-helloWorld] Retrying task index 0
[debug] [2023-02-08T02:52:50.854Z] >>> [apiv2][query] GET https://cloudfunctions.googleapis.com/v1/operations/dG9sZC15YS91cy1jZW50cmFsMS9oZWxsb1dvcmxkLzNYOXNiQksxQS1r [none]
[debug] [2023-02-08T02:52:51.113Z] <<< [apiv2][status] GET https://cloudfunctions.googleapis.com/v1/operations/dG9sZC15YS91cy1jZW50cmFsMS9oZWxsb1dvcmxkLzNYOXNiQksxQS1r 200
[debug] [2023-02-08T02:52:51.113Z] <<< [apiv2][body] GET https://cloudfunctions.googleapis.com/v1/operations/dG9sZC15YS91cy1jZW50cmFsMS9oZWxsb1dvcmxkLzNYOXNiQksxQS1r {"name":"operations/dG9sZC15YS91cy1jZW50cmFsMS9oZWxsb1dvcmxkLzNYOXNiQksxQS1r","metadata":{"@type":"type.googleapis.com/google.cloud.functions.v1.OperationMetadataV1","target":"projects/told-ya/locations/us-central1/functions/helloWorld","type":"CREATE_FUNCTION","request":{"@type":"type.googleapis.com/google.cloud.functions.v1.CloudFunction","name":"projects/told-ya/locations/us-central1/functions/helloWorld","httpsTrigger":{"securityLevel":"SECURE_ALWAYS"},"entryPoint":"helloWorld","labels":{"deployment-tool":"cli-firebase","firebase-functions-hash":"38907f0e69c607fa9af507cc9849feec9b790ae0"},"sourceUploadUrl":"https://storage.googleapis.com/uploads-123666295591.us-central1.cloudfunctions.appspot.com/5bf90daf-c5b2-4ef8-a4ef-3490793a0353.zip?GoogleAccessId=service-310995919723@gcf-admin-robot.iam.gserviceaccount.com&Expires=1675826558&Signature=HLI4%2Bkj0H2svzVOaoNHUr3K9hYMQ0rwS%2FQygcIVMDCD4koEcTbgee7rUsGD4K401QIIb9x7qDdi0DvG36%2FDzgsrSDGpeCBBuuGLXUXvZ6VDF2kmD6SZXhXFnSDKWZ8tD3Pf7FSUt1zLjCNyrHbO5HwSqyFGVCjHEW3pAYRfu1tA5%2F3Or%2FFDFalzbsKUeDxD9kMmFZZXahQBnviNt93XNQAgWHouv1GighMCYmBzveyJeWJScyhJ7kjxov6t0dp%2B%2Fux0eY1d%2BsLAfB3Z2kit8iOuUrbgeSabO2I2XCwRQop3hyoFpVenBKG7Kb8J8251QENvBahuVmwjEKK%2BRldXnew%3D%3D","environmentVariables":{"FIREBASE_CONFIG":"{\"projectId\":\"told-ya\",\"databaseURL\":\"https://told-ya.firebaseio.com\",\"storageBucket\":\"told-ya.appspot.com\",\"locationId\":\"us-central\"}","GCLOUD_PROJECT":"told-ya","EVENTARC_CLOUD_EVENT_SOURCE":"projects/told-ya/locations/us-central1/functions/sendSms"},"runtime":"nodejs18","dockerRegistry":"ARTIFACT_REGISTRY"},"versionId":"1","updateTime":"2023-02-08T02:52:42Z","buildId":"402cfaf5-69b5-4328-9d65-704d5720a051","buildName":"projects/310995919723/locations/us-central1/builds/402cfaf5-69b5-4328-9d65-704d5720a051"}}
[debug] [2023-02-08T02:52:59.115Z] [create-default-us-central1-helloWorld] Retrying task index 0
[debug] [2023-02-08T02:52:59.115Z] >>> [apiv2][query] GET https://cloudfunctions.googleapis.com/v1/operations/dG9sZC15YS91cy1jZW50cmFsMS9oZWxsb1dvcmxkLzNYOXNiQksxQS1r [none]
[debug] [2023-02-08T02:52:59.301Z] <<< [apiv2][status] GET https://cloudfunctions.googleapis.com/v1/operations/dG9sZC15YS91cy1jZW50cmFsMS9oZWxsb1dvcmxkLzNYOXNiQksxQS1r 200
[debug] [2023-02-08T02:52:59.301Z] <<< [apiv2][body] GET https://cloudfunctions.googleapis.com/v1/operations/dG9sZC15YS91cy1jZW50cmFsMS9oZWxsb1dvcmxkLzNYOXNiQksxQS1r {"name":"operations/dG9sZC15YS91cy1jZW50cmFsMS9oZWxsb1dvcmxkLzNYOXNiQksxQS1r","metadata":{"@type":"type.googleapis.com/google.cloud.functions.v1.OperationMetadataV1","target":"projects/told-ya/locations/us-central1/functions/helloWorld","type":"CREATE_FUNCTION","request":{"@type":"type.googleapis.com/google.cloud.functions.v1.CloudFunction","name":"projects/told-ya/locations/us-central1/functions/helloWorld","httpsTrigger":{"securityLevel":"SECURE_ALWAYS"},"entryPoint":"helloWorld","labels":{"deployment-tool":"cli-firebase","firebase-functions-hash":"38907f0e69c607fa9af507cc9849feec9b790ae0"},"sourceUploadUrl":"https://storage.googleapis.com/uploads-123666295591.us-central1.cloudfunctions.appspot.com/5bf90daf-c5b2-4ef8-a4ef-3490793a0353.zip?GoogleAccessId=service-310995919723@gcf-admin-robot.iam.gserviceaccount.com&Expires=1675826558&Signature=HLI4%2Bkj0H2svzVOaoNHUr3K9hYMQ0rwS%2FQygcIVMDCD4koEcTbgee7rUsGD4K401QIIb9x7qDdi0DvG36%2FDzgsrSDGpeCBBuuGLXUXvZ6VDF2kmD6SZXhXFnSDKWZ8tD3Pf7FSUt1zLjCNyrHbO5HwSqyFGVCjHEW3pAYRfu1tA5%2F3Or%2FFDFalzbsKUeDxD9kMmFZZXahQBnviNt93XNQAgWHouv1GighMCYmBzveyJeWJScyhJ7kjxov6t0dp%2B%2Fux0eY1d%2BsLAfB3Z2kit8iOuUrbgeSabO2I2XCwRQop3hyoFpVenBKG7Kb8J8251QENvBahuVmwjEKK%2BRldXnew%3D%3D","environmentVariables":{"FIREBASE_CONFIG":"{\"projectId\":\"told-ya\",\"databaseURL\":\"https://told-ya.firebaseio.com\",\"storageBucket\":\"told-ya.appspot.com\",\"locationId\":\"us-central\"}","GCLOUD_PROJECT":"told-ya","EVENTARC_CLOUD_EVENT_SOURCE":"projects/told-ya/locations/us-central1/functions/sendSms"},"runtime":"nodejs18","dockerRegistry":"ARTIFACT_REGISTRY"},"versionId":"1","updateTime":"2023-02-08T02:52:42Z","buildId":"402cfaf5-69b5-4328-9d65-704d5720a051","buildName":"projects/310995919723/locations/us-central1/builds/402cfaf5-69b5-4328-9d65-704d5720a051"}}
[debug] [2023-02-08T02:53:09.301Z] [create-default-us-central1-helloWorld] Retrying task index 0
[debug] [2023-02-08T02:53:09.301Z] >>> [apiv2][query] GET https://cloudfunctions.googleapis.com/v1/operations/dG9sZC15YS91cy1jZW50cmFsMS9oZWxsb1dvcmxkLzNYOXNiQksxQS1r [none]
[debug] [2023-02-08T02:53:09.508Z] <<< [apiv2][status] GET https://cloudfunctions.googleapis.com/v1/operations/dG9sZC15YS91cy1jZW50cmFsMS9oZWxsb1dvcmxkLzNYOXNiQksxQS1r 200
[debug] [2023-02-08T02:53:09.508Z] <<< [apiv2][body] GET https://cloudfunctions.googleapis.com/v1/operations/dG9sZC15YS91cy1jZW50cmFsMS9oZWxsb1dvcmxkLzNYOXNiQksxQS1r {"name":"operations/dG9sZC15YS91cy1jZW50cmFsMS9oZWxsb1dvcmxkLzNYOXNiQksxQS1r","metadata":{"@type":"type.googleapis.com/google.cloud.functions.v1.OperationMetadataV1","target":"projects/told-ya/locations/us-central1/functions/helloWorld","type":"CREATE_FUNCTION","request":{"@type":"type.googleapis.com/google.cloud.functions.v1.CloudFunction","name":"projects/told-ya/locations/us-central1/functions/helloWorld","httpsTrigger":{"securityLevel":"SECURE_ALWAYS"},"entryPoint":"helloWorld","labels":{"deployment-tool":"cli-firebase","firebase-functions-hash":"38907f0e69c607fa9af507cc9849feec9b790ae0"},"sourceUploadUrl":"https://storage.googleapis.com/uploads-123666295591.us-central1.cloudfunctions.appspot.com/5bf90daf-c5b2-4ef8-a4ef-3490793a0353.zip?GoogleAccessId=service-310995919723@gcf-admin-robot.iam.gserviceaccount.com&Expires=1675826558&Signature=HLI4%2Bkj0H2svzVOaoNHUr3K9hYMQ0rwS%2FQygcIVMDCD4koEcTbgee7rUsGD4K401QIIb9x7qDdi0DvG36%2FDzgsrSDGpeCBBuuGLXUXvZ6VDF2kmD6SZXhXFnSDKWZ8tD3Pf7FSUt1zLjCNyrHbO5HwSqyFGVCjHEW3pAYRfu1tA5%2F3Or%2FFDFalzbsKUeDxD9kMmFZZXahQBnviNt93XNQAgWHouv1GighMCYmBzveyJeWJScyhJ7kjxov6t0dp%2B%2Fux0eY1d%2BsLAfB3Z2kit8iOuUrbgeSabO2I2XCwRQop3hyoFpVenBKG7Kb8J8251QENvBahuVmwjEKK%2BRldXnew%3D%3D","environmentVariables":{"FIREBASE_CONFIG":"{\"projectId\":\"told-ya\",\"databaseURL\":\"https://told-ya.firebaseio.com\",\"storageBucket\":\"told-ya.appspot.com\",\"locationId\":\"us-central\"}","GCLOUD_PROJECT":"told-ya","EVENTARC_CLOUD_EVENT_SOURCE":"projects/told-ya/locations/us-central1/functions/sendSms"},"runtime":"nodejs18","dockerRegistry":"ARTIFACT_REGISTRY"},"versionId":"1","updateTime":"2023-02-08T02:52:42Z","buildId":"402cfaf5-69b5-4328-9d65-704d5720a051","buildName":"projects/310995919723/locations/us-central1/builds/402cfaf5-69b5-4328-9d65-704d5720a051"}}
[debug] [2023-02-08T02:53:19.510Z] [create-default-us-central1-helloWorld] Retrying task index 0
[debug] [2023-02-08T02:53:19.510Z] >>> [apiv2][query] GET https://cloudfunctions.googleapis.com/v1/operations/dG9sZC15YS91cy1jZW50cmFsMS9oZWxsb1dvcmxkLzNYOXNiQksxQS1r [none]
[debug] [2023-02-08T02:53:19.694Z] <<< [apiv2][status] GET https://cloudfunctions.googleapis.com/v1/operations/dG9sZC15YS91cy1jZW50cmFsMS9oZWxsb1dvcmxkLzNYOXNiQksxQS1r 200
[debug] [2023-02-08T02:53:19.694Z] <<< [apiv2][body] GET https://cloudfunctions.googleapis.com/v1/operations/dG9sZC15YS91cy1jZW50cmFsMS9oZWxsb1dvcmxkLzNYOXNiQksxQS1r {"name":"operations/dG9sZC15YS91cy1jZW50cmFsMS9oZWxsb1dvcmxkLzNYOXNiQksxQS1r","metadata":{"@type":"type.googleapis.com/google.cloud.functions.v1.OperationMetadataV1","target":"projects/told-ya/locations/us-central1/functions/helloWorld","type":"CREATE_FUNCTION","request":{"@type":"type.googleapis.com/google.cloud.functions.v1.CloudFunction","name":"projects/told-ya/locations/us-central1/functions/helloWorld","httpsTrigger":{"securityLevel":"SECURE_ALWAYS"},"entryPoint":"helloWorld","labels":{"deployment-tool":"cli-firebase","firebase-functions-hash":"38907f0e69c607fa9af507cc9849feec9b790ae0"},"sourceUploadUrl":"https://storage.googleapis.com/uploads-123666295591.us-central1.cloudfunctions.appspot.com/5bf90daf-c5b2-4ef8-a4ef-3490793a0353.zip?GoogleAccessId=service-310995919723@gcf-admin-robot.iam.gserviceaccount.com&Expires=1675826558&Signature=HLI4%2Bkj0H2svzVOaoNHUr3K9hYMQ0rwS%2FQygcIVMDCD4koEcTbgee7rUsGD4K401QIIb9x7qDdi0DvG36%2FDzgsrSDGpeCBBuuGLXUXvZ6VDF2kmD6SZXhXFnSDKWZ8tD3Pf7FSUt1zLjCNyrHbO5HwSqyFGVCjHEW3pAYRfu1tA5%2F3Or%2FFDFalzbsKUeDxD9kMmFZZXahQBnviNt93XNQAgWHouv1GighMCYmBzveyJeWJScyhJ7kjxov6t0dp%2B%2Fux0eY1d%2BsLAfB3Z2kit8iOuUrbgeSabO2I2XCwRQop3hyoFpVenBKG7Kb8J8251QENvBahuVmwjEKK%2BRldXnew%3D%3D","environmentVariables":{"FIREBASE_CONFIG":"{\"projectId\":\"told-ya\",\"databaseURL\":\"https://told-ya.firebaseio.com\",\"storageBucket\":\"told-ya.appspot.com\",\"locationId\":\"us-central\"}","GCLOUD_PROJECT":"told-ya","EVENTARC_CLOUD_EVENT_SOURCE":"projects/told-ya/locations/us-central1/functions/sendSms"},"runtime":"nodejs18","dockerRegistry":"ARTIFACT_REGISTRY"},"versionId":"1","updateTime":"2023-02-08T02:52:42Z","buildId":"402cfaf5-69b5-4328-9d65-704d5720a051","buildName":"projects/310995919723/locations/us-central1/builds/402cfaf5-69b5-4328-9d65-704d5720a051"}}
[debug] [2023-02-08T02:53:29.695Z] [create-default-us-central1-helloWorld] Retrying task index 0
[debug] [2023-02-08T02:53:29.696Z] >>> [apiv2][query] GET https://cloudfunctions.googleapis.com/v1/operations/dG9sZC15YS91cy1jZW50cmFsMS9oZWxsb1dvcmxkLzNYOXNiQksxQS1r [none]
[debug] [2023-02-08T02:53:29.885Z] <<< [apiv2][status] GET https://cloudfunctions.googleapis.com/v1/operations/dG9sZC15YS91cy1jZW50cmFsMS9oZWxsb1dvcmxkLzNYOXNiQksxQS1r 200
[debug] [2023-02-08T02:53:29.885Z] <<< [apiv2][body] GET https://cloudfunctions.googleapis.com/v1/operations/dG9sZC15YS91cy1jZW50cmFsMS9oZWxsb1dvcmxkLzNYOXNiQksxQS1r {"name":"operations/dG9sZC15YS91cy1jZW50cmFsMS9oZWxsb1dvcmxkLzNYOXNiQksxQS1r","metadata":{"@type":"type.googleapis.com/google.cloud.functions.v1.OperationMetadataV1","target":"projects/told-ya/locations/us-central1/functions/helloWorld","type":"CREATE_FUNCTION","request":{"@type":"type.googleapis.com/google.cloud.functions.v1.CloudFunction","name":"projects/told-ya/locations/us-central1/functions/helloWorld","httpsTrigger":{"securityLevel":"SECURE_ALWAYS"},"entryPoint":"helloWorld","labels":{"deployment-tool":"cli-firebase","firebase-functions-hash":"38907f0e69c607fa9af507cc9849feec9b790ae0"},"sourceUploadUrl":"https://storage.googleapis.com/uploads-123666295591.us-central1.cloudfunctions.appspot.com/5bf90daf-c5b2-4ef8-a4ef-3490793a0353.zip?GoogleAccessId=service-310995919723@gcf-admin-robot.iam.gserviceaccount.com&Expires=1675826558&Signature=HLI4%2Bkj0H2svzVOaoNHUr3K9hYMQ0rwS%2FQygcIVMDCD4koEcTbgee7rUsGD4K401QIIb9x7qDdi0DvG36%2FDzgsrSDGpeCBBuuGLXUXvZ6VDF2kmD6SZXhXFnSDKWZ8tD3Pf7FSUt1zLjCNyrHbO5HwSqyFGVCjHEW3pAYRfu1tA5%2F3Or%2FFDFalzbsKUeDxD9kMmFZZXahQBnviNt93XNQAgWHouv1GighMCYmBzveyJeWJScyhJ7kjxov6t0dp%2B%2Fux0eY1d%2BsLAfB3Z2kit8iOuUrbgeSabO2I2XCwRQop3hyoFpVenBKG7Kb8J8251QENvBahuVmwjEKK%2BRldXnew%3D%3D","environmentVariables":{"FIREBASE_CONFIG":"{\"projectId\":\"told-ya\",\"databaseURL\":\"https://told-ya.firebaseio.com\",\"storageBucket\":\"told-ya.appspot.com\",\"locationId\":\"us-central\"}","GCLOUD_PROJECT":"told-ya","EVENTARC_CLOUD_EVENT_SOURCE":"projects/told-ya/locations/us-central1/functions/sendSms"},"runtime":"nodejs18","dockerRegistry":"ARTIFACT_REGISTRY"},"versionId":"1","updateTime":"2023-02-08T02:52:42Z","buildId":"402cfaf5-69b5-4328-9d65-704d5720a051","buildName":"projects/310995919723/locations/us-central1/builds/402cfaf5-69b5-4328-9d65-704d5720a051"}}
